Removed Pin From Net: NetName=GND Pin=I1-1
Removed Pin From Net: NetName=3V3 Pin=I1-2
Removed Pin From Net: NetName=AO1 Pin=I1-3
Removed Pin From Net: NetName=AO2 Pin=I1-4
Removed Pin From Net: NetName=BO2 Pin=I1-5
Removed Pin From Net: NetName=BO1 Pin=I1-6
Removed Pin From Net: NetName=VCC Pin=I1-7
Removed Pin From Net: NetName=GND Pin=I1-8
Removed Pin From Net: NetName=PWMA Pin=I1-9
Removed Pin From Net: NetName=AIN2 Pin=I1-10
Removed Pin From Net: NetName=AIN1 Pin=I1-11
Removed Pin From Net: NetName=STBY Pin=I1-12
Removed Pin From Net: NetName=BIN1 Pin=I1-13
Removed Pin From Net: NetName=BIN2 Pin=I1-14
Removed Pin From Net: NetName=PWMB Pin=I1-15
Removed Pin From Net: NetName=GND Pin=I1-16
Removed Member From Class: ClassName=Sheet1 Member=I1
Added Component: Designator=*(TB6612FNG board footprint)
Added Pin To Net: NetName=GND Pin=*-1
Added Pin To Net: NetName=GND Pin=*-8
Added Pin To Net: NetName=STBY Pin=*-12
Added Pin To Net: NetName=GND Pin=*-16
Added Member To Class: ClassName=Sheet1 Member=Component * TB6612FNG board
