Removed Pin From Net: NetName=3V3 Pin=DK1-1
Removed Pin From Net: NetName=3V3 Pin=DK1-2
Removed Pin From Net: NetName=PB- Pin=DK1-3
Removed Pin From Net: NetName=SENS6 Pin=DK1-4
Removed Pin From Net: NetName=SENS7 Pin=DK1-5
Removed Pin From Net: NetName=SENS8 Pin=DK1-6
Removed Pin From Net: NetName=SENS5 Pin=DK1-7
Removed Pin From Net: NetName=SENS1 Pin=DK1-8
Removed Pin From Net: NetName=SENS2 Pin=DK1-9
Removed Pin From Net: NetName=SENS3 Pin=DK1-10
Removed Pin From Net: NetName=SENS4 Pin=DK1-11
Removed Pin From Net: NetName=ROUTB Pin=DK1-17
Removed Pin From Net: NetName=ROUTA Pin=DK1-18
Removed Pin From Net: NetName=LOUTB Pin=DK1-19
Removed Pin From Net: NetName=LOUTA Pin=DK1-20
Removed Pin From Net: NetName=PB- Pin=DK1-22
Removed Pin From Net: NetName=PB- Pin=DK1-23
Removed Pin From Net: NetName=PB- Pin=DK1-24
Removed Pin From Net: NetName=PWMA Pin=DK1-28
Removed Pin From Net: NetName=AIN2 Pin=DK1-29
Removed Pin From Net: NetName=AIN1 Pin=DK1-32
Removed Pin From Net: NetName=BIN1 Pin=DK1-33
Removed Pin From Net: NetName=BIN2 Pin=DK1-34
Removed Pin From Net: NetName=PWMB Pin=DK1-35
Removed Pin From Net: NetName=PB- Pin=DK1-44
Removed Member From Class: ClassName=Sheet1 Member=DK1
Added Component: Designator=DK?(ESP32-S3-DevKit footprint)
Added Pin To Net: NetName=3V3 Pin=DK?-1
Added Pin To Net: NetName=3V3 Pin=DK?-2
Added Pin To Net: NetName=PB- Pin=DK?-3
Added Pin To Net: NetName=SENS6 Pin=DK?-4
Added Pin To Net: NetName=SENS7 Pin=DK?-5
Added Pin To Net: NetName=SENS8 Pin=DK?-6
Added Pin To Net: NetName=SENS5 Pin=DK?-7
Added Pin To Net: NetName=SENS1 Pin=DK?-8
Added Pin To Net: NetName=SENS2 Pin=DK?-9
Added Pin To Net: NetName=SENS3 Pin=DK?-10
Added Pin To Net: NetName=SENS4 Pin=DK?-11
Added Pin To Net: NetName=ROUTB Pin=DK?-17
Added Pin To Net: NetName=ROUTA Pin=DK?-18
Added Pin To Net: NetName=LOUTB Pin=DK?-19
Added Pin To Net: NetName=LOUTA Pin=DK?-20
Added Pin To Net: NetName=PB- Pin=DK?-22
Added Pin To Net: NetName=PB- Pin=DK?-23
Added Pin To Net: NetName=PB- Pin=DK?-24
Added Pin To Net: NetName=PWMA Pin=DK?-28
Added Pin To Net: NetName=AIN2 Pin=DK?-29
Added Pin To Net: NetName=AIN1 Pin=DK?-32
Added Pin To Net: NetName=BIN1 Pin=DK?-33
Added Pin To Net: NetName=BIN2 Pin=DK?-34
Added Pin To Net: NetName=PWMB Pin=DK?-35
Added Pin To Net: NetName=PB- Pin=DK?-44
