Removed Pin From Net: NetName=LOUTA Pin=DK1-4
Removed Pin From Net: NetName=LOUTB Pin=DK1-5
Removed Pin From Net: NetName=PWMA Pin=DK1-6
Removed Pin From Net: NetName=AIN2 Pin=DK1-7
Removed Pin From Net: NetName=AIN1 Pin=DK1-11
Removed Pin From Net: NetName=BIN1 Pin=DK1-12
Removed Pin From Net: NetName=BIN2 Pin=DK1-13
Removed Pin From Net: NetName=PWMB Pin=DK1-16
Removed Pin From Net: NetName=SENS2 Pin=DK1-19
Removed Pin From Net: NetName=SENS1 Pin=DK1-27
Removed Pin From Net: NetName=SENS3 Pin=DK1-28
Removed Pin From Net: NetName=SENS4 Pin=DK1-29
Removed Pin From Net: NetName=SENS5 Pin=DK1-32
Removed Pin From Net: NetName=SENS6 Pin=DK1-33
Removed Pin From Net: NetName=SENS7 Pin=DK1-34
Removed Pin From Net: NetName=SENS8 Pin=DK1-35
Removed Pin From Net: NetName=VCC Pin=DK1-42
Removed Pin From Net: NetName=VIN+ Pin=DK1-43
Added Pin To Net: NetName=SENS1 Pin=DK1-4
Added Pin To Net: NetName=SENS2 Pin=DK1-5
Added Pin To Net: NetName=SENS3 Pin=DK1-6
Added Pin To Net: NetName=SENS4 Pin=DK1-7
Added Pin To Net: NetName=SENS5 Pin=DK1-8
Added Pin To Net: NetName=SENS6 Pin=DK1-9
Added Pin To Net: NetName=SENS7 Pin=DK1-10
Added Pin To Net: NetName=SENS8 Pin=DK1-11
Added Pin To Net: NetName=VIN+ Pin=DK1-12
Added Pin To Net: NetName=VCC Pin=DK1-15
Added Pin To Net: NetName=LOUTB Pin=DK1-19
Added Pin To Net: NetName=LOUTA Pin=DK1-20
Added Pin To Net: NetName=PWMA Pin=DK1-28
Added Pin To Net: NetName=PWMB Pin=DK1-29
Added Pin To Net: NetName=AIN2 Pin=DK1-32
Added Pin To Net: NetName=BIN1 Pin=DK1-33
Added Pin To Net: NetName=BIN2 Pin=DK1-34
Added Pin To Net: NetName=AIN1 Pin=DK1-35
