Change Component Designator: OldDesignator=* NewDesignator=IC1
Change Component Designator: OldDesignator=B_C? NewDesignator=B_C
Change Component Designator: OldDesignator=C? NewDesignator=C1
Change Component Designator: OldDesignator=C? NewDesignator=C2
Change Component Designator: OldDesignator=C? NewDesignator=C3
Change Component Designator: OldDesignator=C? NewDesignator=C4
Change Component Designator: OldDesignator=C? NewDesignator=C5
Change Component Designator: OldDesignator=C? NewDesignator=C6
Change Component Designator: OldDesignator=D? NewDesignator=D1
Change Component Designator: OldDesignator=DK? NewDesignator=DK1
Change Component Designator: OldDesignator=R2 NewDesignator=R1
Change Component Designator: OldDesignator=R? NewDesignator=R2
Change Component Designator: OldDesignator=R? NewDesignator=R3
Change Component Designator: OldDesignator=R? NewDesignator=R4
Change Component Designator: OldDesignator=R? NewDesignator=R5
Change Component Designator: OldDesignator=SW? NewDesignator=SW1
Change Component Designator: OldDesignator=U? NewDesignator=U1
Add Component: Footprint Not Found 1206R
Add Pin To Net: Unknown Pin: Pin IC2-6
Add Pin To Net: Unknown Pin: Pin R6-2
Change Net Name : Old Net Name=NetD?_2 New Net Name=NetD1_2
Added Pin To Net: NetName=NetC1_1 Pin=C1-1
Added Pin To Net: NetName=NetC1_1 Pin=R2-2
Added Net: Name=NetC1_1
Added Pin To Net: NetName=NetC2_2 Pin=C2-2
Added Pin To Net: NetName=NetC2_2 Pin=R3-2
Added Net: Name=NetC2_2
Added Pin To Net: NetName=NetIC2_3 Pin=R4-1
Added Net: Name=NetIC2_3
Added Member To Class: ClassName=Sheet1 Member=Component C1 100n
Added Member To Class: ClassName=Sheet1 Member=Component C2 100n
Added Member To Class: ClassName=Sheet1 Member=Component C3 100n
Added Member To Class: ClassName=Sheet1 Member=Component C4 100n
Added Member To Class: ClassName=Sheet1 Member=Component C5 47u-10V
Add Class Member: Failed to add class member : Component IC2 TC2120
Added Member To Class: ClassName=Sheet1 Member=Component R3 330R-1%
Added Member To Class: ClassName=Sheet1 Member=Component R4 2k-1%
Added Member To Class: ClassName=Sheet1 Member=Component R5 470R
Add Class Member: Failed to add class member : Component R6 n.m
