Removed Pin From Net: NetName=SENS1 Pin=DK1-4
Removed Pin From Net: NetName=SENS2 Pin=DK1-5
Removed Pin From Net: NetName=SENS3 Pin=DK1-6
Removed Pin From Net: NetName=SENS4 Pin=DK1-7
Removed Pin From Net: NetName=SENS6 Pin=DK1-9
Removed Pin From Net: NetName=SENS8 Pin=DK1-11
Removed Pin From Net: NetName=SENS1 Pin=P3-5
Removed Pin From Net: NetName=SENS2 Pin=P3-6
Removed Pin From Net: NetName=SENS3 Pin=P3-7
Removed Pin From Net: NetName=SENS4 Pin=P3-8
Removed Pin From Net: NetName=SENS5 Pin=P3-9
Removed Pin From Net: NetName=SENS6 Pin=P3-10
Removed Pin From Net: NetName=SENS7 Pin=P3-11
Removed Pin From Net: NetName=SENS8 Pin=P3-12
Change Component Designator: OldDesignator=U1 NewDesignator=UP1
Added Pin To Net: NetName=SENS4 Pin=DK1-4
Added Pin To Net: NetName=SENS3 Pin=DK1-5
Added Pin To Net: NetName=SENS2 Pin=DK1-6
Added Pin To Net: NetName=SENS1 Pin=DK1-7
Added Pin To Net: NetName=SENS8 Pin=DK1-9
Added Pin To Net: NetName=SENS6 Pin=DK1-11
Added Pin To Net: NetName=SENS6 Pin=P3-5
Added Pin To Net: NetName=SENS7 Pin=P3-6
Added Pin To Net: NetName=SENS8 Pin=P3-7
Added Pin To Net: NetName=SENS5 Pin=P3-8
Added Pin To Net: NetName=SENS1 Pin=P3-9
Added Pin To Net: NetName=SENS2 Pin=P3-10
Added Pin To Net: NetName=SENS3 Pin=P3-11
Added Pin To Net: NetName=SENS4 Pin=P3-12
