Add Component: Footprint Not Found 1206R
Add Pin To Net: Unknown Pin: Pin R6-1
Add Pin To Net: Unknown Pin: Pin R6-2
Add Net: Net with name "NetR?_1" already exists
Add Net: Net with name "NetR?_1" already exists
Add Net: Net with name "NetR?_1" already exists
Add Net: Net with name "NetR?_1" already exists
Add Net: Net with name "NetR?_1" already exists
Add Net: Net with name "NetR?_1" already exists
Add Net: Net with name "NetR?_1" already exists
Add Net: Net with name "NetR?_1" already exists
Add Net: Net with name "NetR?_1" already exists
Add Net: Net with name "NetR?_1" already exists
Add Net: Net with name "NetR?_1" already exists
Add Net: Net with name "NetR?_1" already exists
Add Net: Net with name "NetR?_1" already exists
Add Net: Net with name "NetR?_1" already exists
Add Net: Net with name "NetR?_1" already exists
Add Class Member: Failed to add class member : Component R6 n.m
Added Member To Class: ClassName=Sensors Member=Component R? 200R
Added Member To Class: ClassName=Sensors Member=Component R? 20k
Added Member To Class: ClassName=Sensors Member=Component R? 20k
Added Member To Class: ClassName=Sensors Member=Component R? 200R
Added Member To Class: ClassName=Sensors Member=Component R? 20k
Added Member To Class: ClassName=Sensors Member=Component R? 200R
Added Member To Class: ClassName=Sensors Member=Component R? 470R
Added Member To Class: ClassName=Sensors Member=Component R? 20k
Added Member To Class: ClassName=Sensors Member=Component R? 200R
Added Member To Class: ClassName=Sensors Member=Component R? 200R
Added Member To Class: ClassName=Sensors Member=Component R? 20k
Added Member To Class: ClassName=Sensors Member=Component R? 20k
Added Member To Class: ClassName=Sensors Member=Component R? 20k
Added Member To Class: ClassName=Sensors Member=Component R? 200R
Added Member To Class: ClassName=Sensors Member=Component R? 20k
Added Member To Class: ClassName=Sensors Member=Component R? 200R
Added Member To Class: ClassName=Sensors Member=Component U? KTIR
Added Member To Class: ClassName=Sensors Member=Component U? KTIR
Added Member To Class: ClassName=Sensors Member=Component U? KTIR
Added Member To Class: ClassName=Sensors Member=Component U? KTIR
Added Member To Class: ClassName=Sensors Member=Component U? KTIR
Added Member To Class: ClassName=Sensors Member=Component U? KTIR
