Add Net: Net with name "NetR?_1" already exists
Add Net: Net with name "NetR?_1" already exists
Add Net: Net with name "NetR?_1" already exists
Add Net: Net with name "NetR?_1" already exists
Add Net: Net with name "NetR?_1" already exists
Add Net: Net with name "NetR?_1" already exists
Add Net: Net with name "NetR?_1" already exists
Add Net: Net with name "NetR?_1" already exists
Add Net: Net with name "NetR?_1" already exists
Add Net: Net with name "NetR?_1" already exists
Add Net: Net with name "NetR?_1" already exists
Add Net: Net with name "NetR?_1" already exists
Add Net: Net with name "NetR?_1" already exists
Add Net: Net with name "NetR?_1" already exists
Add Net: Net with name "NetR?_1" already exists
Add Class Member: Failed to add class member : Component B_C Battery_Connector
Add Class Member: Failed to add class member : Component C1 100n
Add Class Member: Failed to add class member : Component C2 100n
Add Class Member: Failed to add class member : Component C3 100n
Add Class Member: Failed to add class member : Component C4 100n
Add Class Member: Failed to add class member : Component C5 47u-10V
Add Class Member: Failed to add class member : Component C6 47u-10V
Add Class Member: Failed to add class member : Component D1 RED
Add Class Member: Failed to add class member : Component DK1 ESP32-S3
Add Class Member: Failed to add class member : Component IC1 TB6612FNG board
Add Class Member: Failed to add class member : Component IC2 TC2120
Add Class Member: Failed to add class member : Component J1 8205A
Add Class Member: Failed to add class member : Component J2 8205A
Added Member To Class: ClassName=Sensors Member=Component P1 FFC2B35-20-G
Added Member To Class: ClassName=Sheet1 Member=Component P1 Pololu Encoders
Add Class Member: Failed to add class member : Component P2 Pololu Encoders
Add Class Member: Failed to add class member : Component P3 FFC2B35-20-G
Add Class Member: Failed to add class member : Component R1 10k
Add Class Member: Failed to add class member : Component R2 330R-1%
Add Class Member: Failed to add class member : Component R3 330R-1%
Add Class Member: Failed to add class member : Component R4 2k-1%
Add Class Member: Failed to add class member : Component R5 470R
Add Class Member: Failed to add class member : Component R6 n.m
Added Member To Class: ClassName=Sensors Member=Component R? 200R
Added Member To Class: ClassName=Sensors Member=Component R? 20k
Added Member To Class: ClassName=Sensors Member=Component R? 20k
Added Member To Class: ClassName=Sensors Member=Component R? 200R
Added Member To Class: ClassName=Sensors Member=Component R? 20k
Added Member To Class: ClassName=Sensors Member=Component R? 200R
Added Member To Class: ClassName=Sensors Member=Component R? 470R
Added Member To Class: ClassName=Sensors Member=Component R? 20k
Added Member To Class: ClassName=Sensors Member=Component R? 200R
Added Member To Class: ClassName=Sensors Member=Component R? 200R
Added Member To Class: ClassName=Sensors Member=Component R? 20k
Added Member To Class: ClassName=Sensors Member=Component R? 20k
Added Member To Class: ClassName=Sensors Member=Component R? 20k
Added Member To Class: ClassName=Sensors Member=Component R? 200R
Added Member To Class: ClassName=Sensors Member=Component R? 20k
Added Member To Class: ClassName=Sensors Member=Component R? 200R
Add Class Member: Failed to add class member : Component SW1 PTS636 SKG25 SMTR LFS
Added Member To Class: ClassName=Sensors Member=Component U1 KTIR
Added Member To Class: ClassName=Sheet1 Member=Component U1 LM1117MP-3.3/NOPB
Added Member To Class: ClassName=Sensors Member=Component U? KTIR
Added Member To Class: ClassName=Sensors Member=Component U? KTIR
Added Member To Class: ClassName=Sensors Member=Component U? KTIR
Added Member To Class: ClassName=Sensors Member=Component U? KTIR
Added Member To Class: ClassName=Sensors Member=Component U? KTIR
Added Member To Class: ClassName=Sensors Member=Component U? KTIR
